VirtualBox GUI VM Selector Window 5.0.12_OSE r104815 linux.amd64 (Dec 19 2015 15:31:57) release log
00:00:00.143349 Log opened 2016-01-14T01:08:00.031891000Z
00:00:00.143351 Build Type: release
00:00:00.143354 OS Product: Linux
00:00:00.143356 OS Release: 4.2.5-1-ARCH
00:00:00.143357 OS Version: #1 SMP PREEMPT Tue Oct 27 08:13:28 CET 2015
00:00:00.143380 DMI Product Name: 3444BDU
00:00:00.143389 DMI Product Version: ThinkPad X1 Carbon
00:00:00.143477 Host RAM: 7807MB total, 5987MB available
00:00:00.143481 Executable: /usr/lib/virtualbox/VirtualBox
00:00:00.143482 Process ID: 7583
00:00:00.143483 Package type: LINUX_64BITS_GENERIC (OSE)
00:00:00.158765 GUI: UIMediumEnumerator: Medium-enumeration started...
00:00:00.413639 GUI: UISelectorWindow: Geometry loaded to: Origin=802x49, Size=796x849
00:00:00.482261 GUI: UIMediumEnumerator: Medium-enumeration finished!
00:00:07.718310 GUI: UIMediumEnumerator: Medium-enumeration started...
00:00:07.740400 GUI: UIMediumEnumerator: Medium-enumeration finished!
00:00:12.593694 GUI: UIMediumEnumerator: Medium-enumeration started...
00:00:12.629554 GUI: UIMediumEnumerator: Medium-enumeration finished!
00:00:30.174052 GUI: UIMediumEnumerator: Medium with key={00eb27d5-52c5-46e2-881f-4ed4a16a2306} created
00:00:31.398471 GUI: UIMediumEnumerator: Machine registration event received, ID = e3d8ac48-9074-4125-b2a7-c98796e29f5f
00:00:31.399834 GUI: UIMediumEnumerator:  New usage: 00eb27d5-52c5-46e2-881f-4ed4a16a2306
00:00:31.399893 GUI: UIMediumEnumerator: Machine registration event processed, ID = e3d8ac48-9074-4125-b2a7-c98796e29f5f
00:00:31.404850 GUI: UIMediumEnumerator: Machine (or snapshot) event received, ID = e3d8ac48-9074-4125-b2a7-c98796e29f5f
00:00:31.404878 GUI: UIMediumEnumerator:  Old usage: <empty>
00:00:31.405399 GUI: UIMediumEnumerator:  New usage: 00eb27d5-52c5-46e2-881f-4ed4a16a2306
00:00:31.405411 GUI: UIMediumEnumerator:  Items currently in usage: 00eb27d5-52c5-46e2-881f-4ed4a16a2306
00:00:31.405432 GUI: UIMediumEnumerator: Machine (or snapshot) event processed, ID = e3d8ac48-9074-4125-b2a7-c98796e29f5f
00:00:31.410781 GUI: UIMediumEnumerator: Medium-enumeration finished!
00:01:17.137560 GUI: UIMediumEnumerator: Machine (or snapshot) event received, ID = e3d8ac48-9074-4125-b2a7-c98796e29f5f
00:01:17.137611 GUI: UIMediumEnumerator:  Old usage: 00eb27d5-52c5-46e2-881f-4ed4a16a2306
00:01:17.140026 GUI: UIMediumEnumerator:  New usage: 00eb27d5-52c5-46e2-881f-4ed4a16a2306
00:01:17.140057 GUI: UIMediumEnumerator:  Items currently in usage: 00eb27d5-52c5-46e2-881f-4ed4a16a2306
00:01:17.140128 GUI: UIMediumEnumerator: Machine (or snapshot) event processed, ID = e3d8ac48-9074-4125-b2a7-c98796e29f5f
00:01:17.159094 GUI: UIMediumEnumerator: Medium-enumeration finished!
00:01:17.384043 ERROR [COM]: aRC=NS_ERROR_UNEXPECTED (0x8000ffff) aIID={7844aa05-b02e-4cdd-a04f-ade4a762e6b7} aComponent={SessionWrap} aText={The session is not locked (session state: Unlocked)}, preserve=false aResultDetail=0
00:01:41.973713 ERROR [COM]: aRC=NS_ERROR_UNEXPECTED (0x8000ffff) aIID={7844aa05-b02e-4cdd-a04f-ade4a762e6b7} aComponent={SessionWrap} aText={The session is not locked (session state: Unlocked)}, preserve=false aResultDetail=0
00:01:50.099526 GUI: UIVMLogViewer: Geometry loaded to: Origin=266x136, Size=1068x675
00:02:07.368545 GUI: UIMediumEnumerator: Machine unregistration event received, ID = e3d8ac48-9074-4125-b2a7-c98796e29f5f
00:02:07.368588 GUI: UIMediumEnumerator:  Old usage: 00eb27d5-52c5-46e2-881f-4ed4a16a2306
00:02:07.368888 GUI: UIMediumEnumerator: Machine unregistration event processed, ID = e3d8ac48-9074-4125-b2a7-c98796e29f5f
00:02:07.377239 GUI: UIMediumEnumerator: Medium-enumeration finished!
00:02:08.769282 GUI: UISelectorWindow: Geometry saved as: Origin=2x49, Size=796x849
00:02:08.802998 GUI: UIVMLogViewer: Geometry saved as: Origin=802x49, Size=796x849
